app/build/intermediates/manifest_merge_blame_file/debug/processDebugMainManifest/manifest-merger-blame-debug-report.txt
1<?xml version="1.0" encoding="utf-8"?>
2<manifest xmlns:android="http://schemas.android.com/apk/res/android"
3    package="com.mydiary.app"
4    android:versionCode="1"
5    android:versionName="1.0" >
6
7    <uses-sdk
8        android:minSdkVersion="26"
9        android:targetSdkVersion="36" />
10
11    <!-- Permissions -->
12    <uses-permission android:name="android.permission.READ_MEDIA_IMAGES" />
12-->src\main\AndroidManifest.xml:5:5-76
12-->src\main\AndroidManifest.xml:5:22-73
13    <uses-permission android:name="android.permission.READ_MEDIA_VIDEO" />
13-->src\main\AndroidManifest.xml:6:5-75
13-->src\main\AndroidManifest.xml:6:22-72
14    <uses-permission android:name="android.permission.READ_MEDIA_AUDIO" />
14-->src\main\AndroidManifest.xml:7:5-75
14-->src\main\AndroidManifest.xml:7:22-72
15    <uses-permission
15-->src\main\AndroidManifest.xml:8:5-9:38
16        android:name="android.permission.READ_EXTERNAL_STORAGE"
16-->src\main\AndroidManifest.xml:8:22-77
17        android:maxSdkVersion="32" />
17-->src\main\AndroidManifest.xml:9:9-35
18    <uses-permission
18-->src\main\AndroidManifest.xml:10:5-11:38
19        android:name="android.permission.WRITE_EXTERNAL_STORAGE"
19-->src\main\AndroidManifest.xml:10:22-78
20        android:maxSdkVersion="29" />
20-->src\main\AndroidManifest.xml:11:9-35
21    <uses-permission android:name="android.permission.CAMERA" />
21-->src\main\AndroidManifest.xml:12:5-65
21-->src\main\AndroidManifest.xml:12:22-62
22    <uses-permission android:name="android.permission.USE_BIOMETRIC" />
22-->src\main\AndroidManifest.xml:13:5-72
22-->src\main\AndroidManifest.xml:13:22-69
23    <uses-permission android:name="android.permission.USE_FINGERPRINT" />
23-->src\main\AndroidManifest.xml:14:5-74
23-->src\main\AndroidManifest.xml:14:22-71
24
25    <permission
25-->[androidx.core:core:1.15.0] AndroidManifest.xml:22:5-24:47
26        android:name="com.mydiary.app.DYNAMIC_RECEIVER_NOT_EXPORTED_PERMISSION"
26-->[androidx.core:core:1.15.0] AndroidManifest.xml:23:9-81
27        android:protectionLevel="signature" />
27-->[androidx.core:core:1.15.0] AndroidManifest.xml:24:9-44
28
29    <uses-permission android:name="com.mydiary.app.DYNAMIC_RECEIVER_NOT_EXPORTED_PERMISSION" />
29-->[androidx.core:core:1.15.0] AndroidManifest.xml:26:5-97
29-->[androidx.core:core:1.15.0] AndroidManifest.xml:26:22-94
30
31    <application
31-->src\main\AndroidManifest.xml:16:5-121:19
32        android:name="com.mydiary.app.MyDiaryApp"
32-->src\main\AndroidManifest.xml:17:9-35
33        android:allowBackup="true"
33-->src\main\AndroidManifest.xml:18:9-35
34        android:appComponentFactory="androidx.core.app.CoreComponentFactory"
34-->[androidx.core:core:1.15.0] AndroidManifest.xml:28:18-86
35        android:debuggable="true"
36        android:extractNativeLibs="false"
37        android:icon="@mipmap/ic_launcher"
37-->src\main\AndroidManifest.xml:19:9-43
38        android:label="@string/app_name"
38-->src\main\AndroidManifest.xml:21:9-41
39        android:roundIcon="@mipmap/ic_launcher_round"
39-->src\main\AndroidManifest.xml:20:9-54
40        android:supportsRtl="true"
40-->src\main\AndroidManifest.xml:22:9-35
41        android:theme="@style/Theme.MyDiary" >
41-->src\main\AndroidManifest.xml:23:9-45
42
43        <!-- Splash Screen -->
44        <activity
44-->src\main\AndroidManifest.xml:26:9-35:20
45            android:name="com.mydiary.app.activities.SplashActivity"
45-->src\main\AndroidManifest.xml:27:13-54
46            android:exported="true"
46-->src\main\AndroidManifest.xml:28:13-36
47            android:noHistory="true"
47-->src\main\AndroidManifest.xml:30:13-37
48            android:theme="@style/Theme.MyDiary.Splash" >
48-->src\main\AndroidManifest.xml:29:13-56
49            <intent-filter>
49-->src\main\AndroidManifest.xml:31:13-34:29
50                <action android:name="android.intent.action.MAIN" />
50-->src\main\AndroidManifest.xml:32:17-69
50-->src\main\AndroidManifest.xml:32:25-66
51
52                <category android:name="android.intent.category.LAUNCHER" />
52-->src\main\AndroidManifest.xml:33:17-77
52-->src\main\AndroidManifest.xml:33:27-74
53            </intent-filter>
54        </activity>
55
56        <!-- Onboarding -->
57        <activity
57-->src\main\AndroidManifest.xml:38:9-41:40
58            android:name="com.mydiary.app.activities.OnboardingActivity"
58-->src\main\AndroidManifest.xml:39:13-58
59            android:exported="false"
59-->src\main\AndroidManifest.xml:40:13-37
60            android:noHistory="true" />
60-->src\main\AndroidManifest.xml:41:13-37
61
62        <!-- Main -->
63        <activity
63-->src\main\AndroidManifest.xml:44:9-47:58
64            android:name="com.mydiary.app.activities.MainActivity"
64-->src\main\AndroidManifest.xml:45:13-52
65            android:exported="false"
65-->src\main\AndroidManifest.xml:46:13-37
66            android:windowSoftInputMode="adjustResize" />
66-->src\main\AndroidManifest.xml:47:13-55
67
68        <!-- Add/Edit Note -->
69        <activity
69-->src\main\AndroidManifest.xml:50:9-53:58
70            android:name="com.mydiary.app.activities.AddNoteActivity"
70-->src\main\AndroidManifest.xml:51:13-55
71            android:exported="false"
71-->src\main\AndroidManifest.xml:52:13-37
72            android:windowSoftInputMode="adjustResize" />
72-->src\main\AndroidManifest.xml:53:13-55
73
74        <!-- Note Detail -->
75        <activity
75-->src\main\AndroidManifest.xml:56:9-58:40
76            android:name="com.mydiary.app.activities.NoteDetailActivity"
76-->src\main\AndroidManifest.xml:57:13-58
77            android:exported="false" />
77-->src\main\AndroidManifest.xml:58:13-37
78
79        <!-- Password Setup -->
80        <activity
80-->src\main\AndroidManifest.xml:61:9-63:40
81            android:name="com.mydiary.app.activities.SetPasswordActivity"
81-->src\main\AndroidManifest.xml:62:13-59
82            android:exported="false" />
82-->src\main\AndroidManifest.xml:63:13-37
83
84        <!-- Security Question -->
85        <activity
85-->src\main\AndroidManifest.xml:66:9-68:40
86            android:name="com.mydiary.app.activities.SecurityQuestionActivity"
86-->src\main\AndroidManifest.xml:67:13-64
87            android:exported="false" />
87-->src\main\AndroidManifest.xml:68:13-37
88
89        <!-- Private Vault -->
90        <activity
90-->src\main\AndroidManifest.xml:71:9-73:40
91            android:name="com.mydiary.app.activities.VaultActivity"
91-->src\main\AndroidManifest.xml:72:13-53
92            android:exported="false" />
92-->src\main\AndroidManifest.xml:73:13-37
93
94        <!-- Vault Images -->
95        <!--
96            <activity
97            android:name=".activities.VaultSettingsActivity"
98            android:exported="false" />
99        -->
100        <activity
100-->src\main\AndroidManifest.xml:79:9-81:40
101            android:name="com.mydiary.app.activities.ActivityImage"
101-->src\main\AndroidManifest.xml:80:13-53
102            android:exported="false" />
102-->src\main\AndroidManifest.xml:81:13-37
103        <activity
103-->src\main\AndroidManifest.xml:83:9-86:52
104            android:name="com.mydiary.app.activities.ImageViewerActivity"
104-->src\main\AndroidManifest.xml:84:13-59
105            android:exported="false"
105-->src\main\AndroidManifest.xml:85:13-37
106            android:theme="@style/Theme.MyDiary" />
106-->src\main\AndroidManifest.xml:86:13-49
107
108        <!-- Themes -->
109        <activity
109-->src\main\AndroidManifest.xml:90:9-92:40
110            android:name="com.mydiary.app.activities.ThemesActivity"
110-->src\main\AndroidManifest.xml:91:13-54
111            android:exported="false" />
111-->src\main\AndroidManifest.xml:92:13-37
112
113        <!-- Settings -->
114        <activity
114-->src\main\AndroidManifest.xml:95:9-97:40
115            android:name="com.mydiary.app.activities.SettingsActivity"
115-->src\main\AndroidManifest.xml:96:13-56
116            android:exported="false" />
116-->src\main\AndroidManifest.xml:97:13-37
117
118        <!-- Password Settings -->
119        <activity
119-->src\main\AndroidManifest.xml:100:9-102:40
120            android:name="com.mydiary.app.activities.PasswordSettingsActivity"
120-->src\main\AndroidManifest.xml:101:13-64
121            android:exported="false" />
121-->src\main\AndroidManifest.xml:102:13-37
122
123        <!-- Calendar -->
124        <activity
124-->src\main\AndroidManifest.xml:105:9-107:40
125            android:name="com.mydiary.app.activities.CalendarActivity"
125-->src\main\AndroidManifest.xml:106:13-56
126            android:exported="false" />
126-->src\main\AndroidManifest.xml:107:13-37
127
128        <!-- Vault Media -->
129        <activity
129-->src\main\AndroidManifest.xml:110:9-112:40
130            android:name="com.mydiary.app.activities.VaultMediaActivity"
130-->src\main\AndroidManifest.xml:111:13-58
131            android:exported="false" />
131-->src\main\AndroidManifest.xml:112:13-37
132        <activity
132-->src\main\AndroidManifest.xml:114:13-122
133            android:name="com.mydiary.app.activities.SplashCoverActivity"
133-->src\main\AndroidManifest.xml:114:23-69
134            android:exported="false"
134-->src\main\AndroidManifest.xml:114:70-94
135            android:noHistory="true" />
135-->src\main\AndroidManifest.xml:114:95-119
136        <activity
136-->src\main\AndroidManifest.xml:115:9-95
137            android:name="com.mydiary.app.activities.VaultSettingsActivity"
137-->src\main\AndroidManifest.xml:115:19-67
138            android:exported="false" />
138-->src\main\AndroidManifest.xml:115:68-92
139        <activity
139-->src\main\AndroidManifest.xml:116:9-96
140            android:name="com.mydiary.app.activities.ForgotPasswordActivity"
140-->src\main\AndroidManifest.xml:116:19-68
141            android:exported="false" />
141-->src\main\AndroidManifest.xml:116:69-93
142
143        <meta-data
143-->src\main\AndroidManifest.xml:118:9-120:57
144            android:name="preloaded_fonts"
144-->src\main\AndroidManifest.xml:119:13-43
145            android:resource="@array/preloaded_fonts" />
145-->src\main\AndroidManifest.xml:120:13-54
146
147        <provider
147-->[androidx.emoji2:emoji2:1.3.0] AndroidManifest.xml:24:9-32:20
148            android:name="androidx.startup.InitializationProvider"
148-->[androidx.emoji2:emoji2:1.3.0] AndroidManifest.xml:25:13-67
149            android:authorities="com.mydiary.app.androidx-startup"
149-->[androidx.emoji2:emoji2:1.3.0] AndroidManifest.xml:26:13-68
150            android:exported="false" >
150-->[androidx.emoji2:emoji2:1.3.0] AndroidManifest.xml:27:13-37
151            <meta-data
151-->[androidx.emoji2:emoji2:1.3.0] AndroidManifest.xml:29:13-31:52
152                android:name="androidx.emoji2.text.EmojiCompatInitializer"
152-->[androidx.emoji2:emoji2:1.3.0] AndroidManifest.xml:30:17-75
153                android:value="androidx.startup" />
153-->[androidx.emoji2:emoji2:1.3.0] AndroidManifest.xml:31:17-49
154            <meta-data
154-->[androidx.lifecycle:lifecycle-process:2.8.7] AndroidManifest.xml:29:13-31:52
155                android:name="androidx.lifecycle.ProcessLifecycleInitializer"
155-->[androidx.lifecycle:lifecycle-process:2.8.7] AndroidManifest.xml:30:17-78
156                android:value="androidx.startup" />
156-->[androidx.lifecycle:lifecycle-process:2.8.7] AndroidManifest.xml:31:17-49
157            <meta-data
157-->[androidx.profileinstaller:profileinstaller:1.4.0] AndroidManifest.xml:29:13-31:52
158                android:name="androidx.profileinstaller.ProfileInstallerInitializer"
158-->[androidx.profileinstaller:profileinstaller:1.4.0] AndroidManifest.xml:30:17-85
159                android:value="androidx.startup" />
159-->[androidx.profileinstaller:profileinstaller:1.4.0] AndroidManifest.xml:31:17-49
160        </provider>
161
162        <uses-library
162-->[androidx.window:window:1.0.0] AndroidManifest.xml:25:9-27:40
163            android:name="androidx.window.extensions"
163-->[androidx.window:window:1.0.0] AndroidManifest.xml:26:13-54
164            android:required="false" />
164-->[androidx.window:window:1.0.0] AndroidManifest.xml:27:13-37
165        <uses-library
165-->[androidx.window:window:1.0.0] AndroidManifest.xml:28:9-30:40
166            android:name="androidx.window.sidecar"
166-->[androidx.window:window:1.0.0] AndroidManifest.xml:29:13-51
167            android:required="false" />
167-->[androidx.window:window:1.0.0] AndroidManifest.xml:30:13-37
168
169        <service
169-->[androidx.room:room-runtime:2.6.1] AndroidManifest.xml:24:9-28:63
170            android:name="androidx.room.MultiInstanceInvalidationService"
170-->[androidx.room:room-runtime:2.6.1] AndroidManifest.xml:25:13-74
171            android:directBootAware="true"
171-->[androidx.room:room-runtime:2.6.1] AndroidManifest.xml:26:13-43
172            android:exported="false" />
172-->[androidx.room:room-runtime:2.6.1] AndroidManifest.xml:27:13-37
173
174        <receiver
174-->[androidx.profileinstaller:profileinstaller:1.4.0] AndroidManifest.xml:34:9-52:20
175            android:name="androidx.profileinstaller.ProfileInstallReceiver"
175-->[androidx.profileinstaller:profileinstaller:1.4.0] AndroidManifest.xml:35:13-76
176            android:directBootAware="false"
176-->[androidx.profileinstaller:profileinstaller:1.4.0] AndroidManifest.xml:36:13-44
177            android:enabled="true"
177-->[androidx.profileinstaller:profileinstaller:1.4.0] AndroidManifest.xml:37:13-35
178            android:exported="true"
178-->[androidx.profileinstaller:profileinstaller:1.4.0] AndroidManifest.xml:38:13-36
179            android:permission="android.permission.DUMP" >
179-->[androidx.profileinstaller:profileinstaller:1.4.0] AndroidManifest.xml:39:13-57
180            <intent-filter>
180-->[androidx.profileinstaller:profileinstaller:1.4.0] AndroidManifest.xml:40:13-42:29
181                <action android:name="androidx.profileinstaller.action.INSTALL_PROFILE" />
181-->[androidx.profileinstaller:profileinstaller:1.4.0] AndroidManifest.xml:41:17-91
181-->[androidx.profileinstaller:profileinstaller:1.4.0] AndroidManifest.xml:41:25-88
182            </intent-filter>
183            <intent-filter>
183-->[androidx.profileinstaller:profileinstaller:1.4.0] AndroidManifest.xml:43:13-45:29
184                <action android:name="androidx.profileinstaller.action.SKIP_FILE" />
184-->[androidx.profileinstaller:profileinstaller:1.4.0] AndroidManifest.xml:44:17-85
184-->[androidx.profileinstaller:profileinstaller:1.4.0] AndroidManifest.xml:44:25-82
185            </intent-filter>
186            <intent-filter>
186-->[androidx.profileinstaller:profileinstaller:1.4.0] AndroidManifest.xml:46:13-48:29
187                <action android:name="androidx.profileinstaller.action.SAVE_PROFILE" />
187-->[androidx.profileinstaller:profileinstaller:1.4.0] AndroidManifest.xml:47:17-88
187-->[androidx.profileinstaller:profileinstaller:1.4.0] AndroidManifest.xml:47:25-85
188            </intent-filter>
189            <intent-filter>
189-->[androidx.profileinstaller:profileinstaller:1.4.0] AndroidManifest.xml:49:13-51:29
190                <action android:name="androidx.profileinstaller.action.BENCHMARK_OPERATION" />
190-->[androidx.profileinstaller:profileinstaller:1.4.0] AndroidManifest.xml:50:17-95
190-->[androidx.profileinstaller:profileinstaller:1.4.0] AndroidManifest.xml:50:25-92
191            </intent-filter>
192        </receiver>
193    </application>
194
195</manifest>